build/app/outputs/mapping/release/seeds.txt
com.example.ausper_loginscreen.MainActivity
com.example.ausper_loginscreen.MainActivity: MainActivity()
...
androidx.window.layout.WindowInfoTrackerImpl$windowLayoutInfo$1: int label
androidx.window.layout.HardwareFoldingFeature: androidx.window.core.Bounds featureBounds
androidx.window.embedding.ExtensionEmbeddingBackend: androidx.window.embedding.ExtensionEmbeddingBackend$EmbeddingCallbackImpl splitInfoEmbeddingCallback
androidx.window.layout.SidecarWindowBackend: java.lang.String TAG
androidx.window.R$styleable: int ActivityFilter_activityName
androidx.window.layout.SidecarWindowBackend: androidx.window.layout.SidecarWindowBackend$Companion Companion
androidx.window.R$styleable: int SplitPairRule_finishSecondaryWithPrimary
androidx.window.layout.SidecarAdapter: java.lang.String TAG
androidx.window.R$styleable: int SplitPairRule_splitMinWidth
androidx.window.core.Version: androidx.window.core.Version UNKNOWN
androidx.window.layout.WindowInfoTrackerImpl$windowLayoutInfo$1: java.lang.Object L$0
kotlin.jvm.internal.CallableReference: kotlin.reflect.KCallable reflected
androidx.window.embedding.MatcherUtils: androidx.window.embedding.MatcherUtils INSTANCE
io.flutter.view.AccessibilityViewEmbedder: android.view.View rootAccessibilityView
androidx.window.java.layout.WindowInfoTrackerCallbackAdapter$addListener$1$1$invokeSuspend$$inlined$collect$1: androidx.core.util.Consumer $consumer$inlined
io.flutter.plugin.editing.ImeSyncDeferringInsetsCallback: int overlayInsetTypes
androidx.window.embedding.SplitPairFilter: android.content.ComponentName secondaryActivityName
kotlin.jvm.internal.CallableReference: boolean isTopLevel
androidx.window.embedding.ExtensionEmbeddingBackend: java.lang.String TAG
io.flutter.plugin.editing.ImeSyncDeferringInsetsCallback: io.flutter.plugin.editing.ImeSyncDeferringInsetsCallback$InsetsListener insetsListener
androidx.window.R$attr: int finishSecondaryWithPrimary
androidx.window.R$styleable: int SplitPlaceholderRule_splitMinWidth
androidx.window.layout.SidecarCompat: androidx.window.layout.ExtensionInterfaceCompat$ExtensionCallbackInterface extensionCallback
androidx.window.layout.FoldingFeature$Orientation: java.lang.String description
androidx.window.layout.HardwareFoldingFeature$Type: androidx.window.layout.HardwareFoldingFeature$Type$Companion Companion
androidx.window.layout.WindowInfoTrackerImpl: androidx.window.layout.WindowInfoTrackerImpl$Companion Companion
androidx.window.layout.SidecarWindowBackend$WindowLayoutChangeCallbackWrapper: androidx.window.layout.WindowLayoutInfo lastInfo
kotlin.coroutines.jvm.internal.BaseContinuationImpl: kotlin.coroutines.Continuation completion
kotlinx.coroutines.internal.LockFreeTaskQueueCore: java.lang.Object _next
kotlin.coroutines.jvm.internal.ContinuationImpl: kotlin.coroutines.CoroutineContext _context
androidx.window.core.Version: androidx.window.core.Version$Companion Companion
androidx.window.core.Version: androidx.window.core.Version CURRENT
androidx.window.layout.WindowMetricsCalculator$Companion$decorator$1: androidx.window.layout.WindowMetricsCalculator$Companion$decorator$1 INSTANCE
kotlinx.coroutines.DispatchedCoroutine: int _decision
androidx.lifecycle.Lifecycle$Event: androidx.lifecycle.Lifecycle$Event ON_CREATE
androidx.window.layout.FoldingFeature$OcclusionType: java.lang.String description
androidx.window.layout.WindowInfoTracker: androidx.window.layout.WindowInfoTracker$Companion Companion
androidx.window.layout.HardwareFoldingFeature$Type: androidx.window.layout.HardwareFoldingFeature$Type FOLD
androidx.window.layout.DisplayCompatHelperApi28: androidx.window.layout.DisplayCompatHelperApi28 INSTANCE
kotlinx.coroutines.JobSupport: java.lang.Object _parentHandle
androidx.window.R$styleable: int[] SplitPairRule
androidx.window.layout.FoldingFeature$Orientation: androidx.window.layout.FoldingFeature$Orientation$Companion Companion
kotlin.jvm.internal.CallableReference: java.lang.String signature
androidx.window.embedding.SplitPairRule: boolean finishPrimaryWithSecondary
androidx.window.R$styleable: int SplitPairRule_splitLayoutDirection