build/app/outputs/mapping/release/mapping.txt
# compiler: R8
# compiler_version: 3.1.66
# min_api: 16
# pg_map_id: 4c01323
# common_typos_disable
# {"id":"com.android.tools.r8.mapping","version":"1.0"}
...
io.flutter.embedding.engine.systemchannels.TextInputChannel$TextCapitalization -> u.n$d:
    io.flutter.embedding.engine.systemchannels.TextInputChannel$TextCapitalization[] $VALUES -> i
    io.flutter.embedding.engine.systemchannels.TextInputChannel$TextCapitalization NONE -> h
    io.flutter.embedding.engine.systemchannels.TextInputChannel$TextCapitalization WORDS -> f
    io.flutter.embedding.engine.systemchannels.TextInputChannel$TextCapitalization SENTENCES -> g
    java.lang.String encodedName -> d
    io.flutter.embedding.engine.systemchannels.TextInputChannel$TextCapitalization CHARACTERS -> e
    io.flutter.embedding.engine.systemchannels.TextInputChannel$TextCapitalization fromValue(java.lang.String) -> a
io.flutter.embedding.engine.systemchannels.TextInputChannel$TextEditState -> u.n$e:
    java.lang.String text -> a
    int composingStart -> d
    int composingEnd -> e
    int selectionStart -> b
    int selectionEnd -> c
    io.flutter.embedding.engine.systemchannels.TextInputChannel$TextEditState fromJson(org.json.JSONObject) -> a
    boolean hasComposing() -> b
    boolean hasSelection() -> c
io.flutter.embedding.engine.systemchannels.TextInputChannel$TextInputMethodHandler -> u.n$f:
    void setEditingState(io.flutter.embedding.engine.systemchannels.TextInputChannel$TextEditState) -> a
    void sendAppPrivateCommand(java.lang.String,android.os.Bundle) -> b
    void setClient(int,io.flutter.embedding.engine.systemchannels.TextInputChannel$Configuration) -> c
    void requestAutofill() -> d
    void clearClient() -> e
    void show() -> f
    void setPlatformViewClient(int) -> g
    void setEditableSizeAndTransform(double,double,double[]) -> h
    void finishAutofillContext(boolean) -> i
    void hide() -> j
io.flutter.embedding.engine.systemchannels.TextInputChannel$TextInputType -> u.n$g:
    io.flutter.embedding.engine.systemchannels.TextInputChannel$TextInputType NONE -> o
    io.flutter.embedding.engine.systemchannels.TextInputChannel$TextInputType VISIBLE_PASSWORD -> n
    io.flutter.embedding.engine.systemchannels.TextInputChannel$TextInputType[] $VALUES -> p
    io.flutter.embedding.engine.systemchannels.TextInputChannel$TextInputType TEXT -> e
    io.flutter.embedding.engine.systemchannels.TextInputChannel$TextInputType MULTILINE -> k
    io.flutter.embedding.engine.systemchannels.TextInputChannel$TextInputType PHONE -> j
    io.flutter.embedding.engine.systemchannels.TextInputChannel$TextInputType URL -> m
    io.flutter.embedding.engine.systemchannels.TextInputChannel$TextInputType EMAIL_ADDRESS -> l
    io.flutter.embedding.engine.systemchannels.TextInputChannel$TextInputType NAME -> g
    io.flutter.embedding.engine.systemchannels.TextInputChannel$TextInputType DATETIME -> f
    io.flutter.embedding.engine.systemchannels.TextInputChannel$TextInputType NUMBER -> i
    java.lang.String encodedName -> d
    io.flutter.embedding.engine.systemchannels.TextInputChannel$TextInputType POSTAL_ADDRESS -> h
    io.flutter.embedding.engine.systemchannels.TextInputChannel$TextInputType fromValue(java.lang.String) -> a
io.flutter.plugin.common.BasicMessageChannel -> v.a:
    io.flutter.plugin.common.MessageCodec codec -> c
    io.flutter.plugin.common.BinaryMessenger$TaskQueue taskQueue -> d
    io.flutter.plugin.common.BinaryMessenger messenger -> a
    java.lang.String name -> b
    io.flutter.plugin.common.MessageCodec access$200(io.flutter.plugin.common.BasicMessageChannel) -> a
    java.lang.String access$300(io.flutter.plugin.common.BasicMessageChannel) -> b
    void send(java.lang.Object) -> c
    void send(java.lang.Object,io.flutter.plugin.common.BasicMessageChannel$Reply) -> d
    void setMessageHandler(io.flutter.plugin.common.BasicMessageChannel$MessageHandler) -> e
io.flutter.plugin.common.BasicMessageChannel$1 -> v.a$a: