build/app/outputs/mapping/release/usage.txt
com.example.ausper_loginscreen.BuildConfig
com.example.ausper_loginscreen.R$attr
com.example.ausper_loginscreen.R$color
com.example.ausper_loginscreen.R$dimen
com.example.ausper_loginscreen.R$drawable
com.example.ausper_loginscreen.R$id
com.example.ausper_loginscreen.R$integer
com.example.ausper_loginscreen.R$layout
com.example.ausper_loginscreen.R$mipmap
com.example.ausper_loginscreen.R$string
com.example.ausper_loginscreen.R$style
com.example.ausper_loginscreen.R$styleable
com.example.ausper_loginscreen.R
...
kotlin.text.StringsKt__StringsKt:
    public void <init>()
    public static final java.lang.String commonPrefixWith(java.lang.CharSequence,java.lang.CharSequence,boolean)
    public static synthetic java.lang.String commonPrefixWith$default(java.lang.CharSequence,java.lang.CharSequence,boolean,int,java.lang.Object)
    public static final java.lang.String commonSuffixWith(java.lang.CharSequence,java.lang.CharSequence,boolean)
    public static synthetic java.lang.String commonSuffixWith$default(java.lang.CharSequence,java.lang.CharSequence,boolean,int,java.lang.Object)
    public static final boolean contains(java.lang.CharSequence,char,boolean)
    private static final boolean contains(java.lang.CharSequence,kotlin.text.Regex)
    public static synthetic boolean contains$default(java.lang.CharSequence,char,boolean,int,java.lang.Object)
    public static final boolean contentEqualsIgnoreCaseImpl(java.lang.CharSequence,java.lang.CharSequence)
    public static final boolean contentEqualsImpl(java.lang.CharSequence,java.lang.CharSequence)
    public static final boolean endsWith(java.lang.CharSequence,char,boolean)
    public static final boolean endsWith(java.lang.CharSequence,java.lang.CharSequence,boolean)
    public static synthetic boolean endsWith$default(java.lang.CharSequence,char,boolean,int,java.lang.Object)
    public static synthetic boolean endsWith$default(java.lang.CharSequence,java.lang.CharSequence,boolean,int,java.lang.Object)
kotlin.text.StringsKt___StringsJvmKt:
    public void <init>()
    private static final char elementAt(java.lang.CharSequence,int)
    private static final java.math.BigDecimal sumOfBigDecimal(java.lang.CharSequence,kotlin.jvm.functions.Function1)
    private static final java.math.BigInteger sumOfBigInteger(java.lang.CharSequence,kotlin.jvm.functions.Function1)
    public static final java.util.SortedSet toSortedSet(java.lang.CharSequence)
kotlin.text.StringsKt___StringsKt$asIterable$$inlined$Iterable$1
kotlin.text.StringsKt___StringsKt$asSequence$$inlined$Sequence$1
kotlin.text.StringsKt___StringsKt$chunkedSequence$1
kotlin.text.StringsKt___StringsKt$groupingBy$1
kotlin.text.StringsKt___StringsKt$windowed$1
kotlin.text.StringsKt___StringsKt$windowedSequence$1
kotlin.text.StringsKt___StringsKt$windowedSequence$2
kotlin.text.StringsKt___StringsKt$withIndex$1
kotlin.text.StringsKt___StringsKt:
    public void <init>()
    public static final boolean all(java.lang.CharSequence,kotlin.jvm.functions.Function1)
    public static final boolean any(java.lang.CharSequence)
    public static final boolean any(java.lang.CharSequence,kotlin.jvm.functions.Function1)
    public static final java.lang.Iterable asIterable(java.lang.CharSequence)
    public static final kotlin.sequences.Sequence asSequence(java.lang.CharSequence)
    public static final java.util.Map associate(java.lang.CharSequence,kotlin.jvm.functions.Function1)
    public static final java.util.Map associateBy(java.lang.CharSequence,kotlin.jvm.functions.Function1)
    public static final java.util.Map associateBy(java.lang.CharSequence,kotlin.jvm.functions.Function1,kotlin.jvm.functions.Function1)
    public static final java.util.Map associateByTo(java.lang.CharSequence,java.util.Map,kotlin.jvm.functions.Function1)
    public static final java.util.Map associateByTo(java.lang.CharSequence,java.util.Map,kotlin.jvm.functions.Function1,kotlin.jvm.functions.Function1)
    public static final java.util.Map associateTo(java.lang.CharSequence,java.util.Map,kotlin.jvm.functions.Function1)
    public static final java.util.Map associateWith(java.lang.CharSequence,kotlin.jvm.functions.Function1)
    public static final java.util.Map associateWithTo(java.lang.CharSequence,java.util.Map,kotlin.jvm.functions.Function1)
kotlin.text.SystemProperties
kotlin.text.TypeAliasesKt
kotlin.text.Typography
kotlin.text.UStringsKt
kotlin.text._OneToManyTitlecaseMappingsKt
kotlin.text.jdk8.RegexExtensionsJDK8Kt